# JRE version: OpenJDK Runtime Environment (8.0_242-b01) (build 1.8.0_242-release-1644-b01)
# Java VM: OpenJDK 64-Bit Server VM (25.242-b01 mixed mode windows-amd64 compressed oops)
Heap:
 PSYoungGen      total 451072K, used 180388K [0x00000000e0000000, 0x0000000100000000, 0x0000000100000000)
  eden space 416768K, 35% used [0x00000000e0000000,0x00000000e8ecf9b0,0x00000000f9700000)
  from space 34304K, 99% used [0x00000000f9700000,0x00000000fb8597b8,0x00000000fb880000)
  to   space 55808K, 0% used [0x00000000fc980000,0x00000000fc980000,0x0000000100000000)
 ParOldGen       total 735744K, used 151468K [0x00000000a0000000, 0x00000000cce80000, 0x00000000e0000000)
  object space 735744K, 20% used [0x00000000a0000000,0x00000000a93eb388,0x00000000cce80000)
 Metaspace       used 110794K, capacity 118254K, committed 118400K, reserved 1150976K
  class space    used 14406K, capacity 15874K, committed 16000K, reserved 1048576K
GC Heap History (10 events):
Event: 579.171 GC heap before
{Heap before GC invocations=29 (full 4):
 PSYoungGen      total 471552K, used 424576K [0x00000000e0000000, 0x0000000100000000, 0x0000000100000000)
  eden space 418304K, 100% used [0x00000000e0000000,0x00000000f9880000,0x00000000f9880000)
  from space 53248K, 11% used [0x00000000fcb00000,0x00000000fd120000,0x00000000fff00000)
  to   space 51712K, 0% used [0x00000000f9880000,0x00000000f9880000,0x00000000fcb00000)
 ParOldGen       total 735744K, used 151420K [0x00000000a0000000, 0x00000000cce80000, 0x00000000e0000000)
  object space 735744K, 20% used [0x00000000a0000000,0x00000000a93df388,0x00000000cce80000)
 Metaspace       used 99077K, capacity 105098K, committed 105344K, reserved 1140736K
  class space    used 13181K, capacity 14403K, committed 14464K, reserved 1048576K
Event: 579.177 GC heap after
Heap after GC invocations=29 (full 4):
 PSYoungGen      total 429056K, used 10336K [0x00000000e0000000, 0x00000000ffa80000, 0x0000000100000000)
  eden space 418304K, 0% used [0x00000000e0000000,0x00000000e0000000,0x00000000f9880000)
  from space 10752K, 96% used [0x00000000f9880000,0x00000000fa298000,0x00000000fa300000)
  to   space 49664K, 0% used [0x00000000fca00000,0x00000000fca00000,0x00000000ffa80000)
 ParOldGen       total 735744K, used 151420K [0x00000000a0000000, 0x00000000cce80000, 0x00000000e0000000)
  object space 735744K, 20% used [0x00000000a0000000,0x00000000a93df388,0x00000000cce80000)
 Metaspace       used 99077K, capacity 105098K, committed 105344K, reserved 1140736K
  class space    used 13181K, capacity 14403K, committed 14464K, reserved 1048576K
}
Event: 581.070 GC heap before
{Heap before GC invocations=30 (full 4):
 PSYoungGen      total 429056K, used 428640K [0x00000000e0000000, 0x00000000ffa80000, 0x0000000100000000)
  eden space 418304K, 100% used [0x00000000e0000000,0x00000000f9880000,0x00000000f9880000)
  from space 10752K, 96% used [0x00000000f9880000,0x00000000fa298000,0x00000000fa300000)
  to   space 49664K, 0% used [0x00000000fca00000,0x00000000fca00000,0x00000000ffa80000)
 ParOldGen       total 735744K, used 151420K [0x00000000a0000000, 0x00000000cce80000, 0x00000000e0000000)
  object space 735744K, 20% used [0x00000000a0000000,0x00000000a93df388,0x00000000cce80000)
 Metaspace       used 99307K, capacity 105348K, committed 105600K, reserved 1140736K
  class space    used 13192K, capacity 14412K, committed 14464K, reserved 1048576K
Event: 581.078 GC heap after
Heap after GC invocations=30 (full 4):
 PSYoungGen      total 471552K, used 12021K [0x00000000e0000000, 0x0000000100000000, 0x0000000100000000)
  eden space 421888K, 0% used [0x00000000e0000000,0x00000000e0000000,0x00000000f9c00000)
  from space 49664K, 24% used [0x00000000fca00000,0x00000000fd5bd700,0x00000000ffa80000)
  to   space 47104K, 0% used [0x00000000f9c00000,0x00000000f9c00000,0x00000000fca00000)
 ParOldGen       total 735744K, used 151428K [0x00000000a0000000, 0x00000000cce80000, 0x00000000e0000000)
  object space 735744K, 20% used [0x00000000a0000000,0x00000000a93e1388,0x00000000cce80000)
 Metaspace       used 99307K, capacity 105348K, committed 105600K, reserved 1140736K
  class space    used 13192K, capacity 14412K, committed 14464K, reserved 1048576K
}
Event: 915.564 GC heap before
{Heap before GC invocations=31 (full 4):
 PSYoungGen      total 471552K, used 433909K [0x00000000e0000000, 0x0000000100000000, 0x0000000100000000)
  eden space 421888K, 100% used [0x00000000e0000000,0x00000000f9c00000,0x00000000f9c00000)
  from space 49664K, 24% used [0x00000000fca00000,0x00000000fd5bd700,0x00000000ffa80000)
  to   space 47104K, 0% used [0x00000000f9c00000,0x00000000f9c00000,0x00000000fca00000)
 ParOldGen       total 735744K, used 151428K [0x00000000a0000000, 0x00000000cce80000, 0x00000000e0000000)
  object space 735744K, 20% used [0x00000000a0000000,0x00000000a93e1388,0x00000000cce80000)
 Metaspace       used 108713K, capacity 115536K, committed 115840K, reserved 1148928K
  class space    used 14315K, capacity 15683K, committed 15744K, reserved 1048576K
Event: 915.585 GC heap after
Heap after GC invocations=31 (full 4):
 PSYoungGen      total 468992K, used 39234K [0x00000000e0000000, 0x0000000100000000, 0x0000000100000000)
  eden space 421888K, 0% used [0x00000000e0000000,0x00000000e0000000,0x00000000f9c00000)
  from space 47104K, 83% used [0x00000000f9c00000,0x00000000fc250918,0x00000000fca00000)
  to   space 52736K, 0% used [0x00000000fcc80000,0x00000000fcc80000,0x0000000100000000)
 ParOldGen       total 735744K, used 151444K [0x00000000a0000000, 0x00000000cce80000, 0x00000000e0000000)
  object space 735744K, 20% used [0x00000000a0000000,0x00000000a93e5388,0x00000000cce80000)
 Metaspace       used 108713K, capacity 115536K, committed 115840K, reserved 1148928K
  class space    used 14315K, capacity 15683K, committed 15744K, reserved 1048576K
}
Event: 2901.546 GC heap before
{Heap before GC invocations=32 (full 4):
 PSYoungGen      total 468992K, used 461122K [0x00000000e0000000, 0x0000000100000000, 0x0000000100000000)
  eden space 421888K, 100% used [0x00000000e0000000,0x00000000f9c00000,0x00000000f9c00000)
  from space 47104K, 83% used [0x00000000f9c00000,0x00000000fc250918,0x00000000fca00000)
  to   space 52736K, 0% used [0x00000000fcc80000,0x00000000fcc80000,0x0000000100000000)
 ParOldGen       total 735744K, used 151444K [0x00000000a0000000, 0x00000000cce80000, 0x00000000e0000000)
  object space 735744K, 20% used [0x00000000a0000000,0x00000000a93e5388,0x00000000cce80000)
 Metaspace       used 109730K, capacity 116796K, committed 116992K, reserved 1150976K
  class space    used 14352K, capacity 15777K, committed 15872K, reserved 1048576K
Event: 2901.716 GC heap after
Heap after GC invocations=32 (full 4):
 PSYoungGen      total 469504K, used 30612K [0x00000000e0000000, 0x0000000100000000, 0x0000000100000000)
  eden space 416768K, 0% used [0x00000000e0000000,0x00000000e0000000,0x00000000f9700000)
  from space 52736K, 58% used [0x00000000fcc80000,0x00000000fea65030,0x0000000100000000)
  to   space 53760K, 0% used [0x00000000f9700000,0x00000000f9700000,0x00000000fcb80000)
 ParOldGen       total 735744K, used 151460K [0x00000000a0000000, 0x00000000cce80000, 0x00000000e0000000)
  object space 735744K, 20% used [0x00000000a0000000,0x00000000a93e9388,0x00000000cce80000)
 Metaspace       used 109730K, capacity 116796K, committed 116992K, reserved 1150976K
  class space    used 14352K, capacity 15777K, committed 15872K, reserved 1048576K
}
Event: 3279.844 GC heap before
{Heap before GC invocations=33 (full 4):
 PSYoungGen      total 469504K, used 447380K [0x00000000e0000000, 0x0000000100000000, 0x0000000100000000)
  eden space 416768K, 100% used [0x00000000e0000000,0x00000000f9700000,0x00000000f9700000)
  from space 52736K, 58% used [0x00000000fcc80000,0x00000000fea65030,0x0000000100000000)
  to   space 53760K, 0% used [0x00000000f9700000,0x00000000f9700000,0x00000000fcb80000)
 ParOldGen       total 735744K, used 151460K [0x00000000a0000000, 0x00000000cce80000, 0x00000000e0000000)
  object space 735744K, 20% used [0x00000000a0000000,0x00000000a93e9388,0x00000000cce80000)
 Metaspace       used 110601K, capacity 117874K, committed 118016K, reserved 1150976K
  class space    used 14389K, capacity 15844K, committed 15872K, reserved 1048576K
Event: 3279.884 GC heap after
Heap after GC invocations=33 (full 4):
 PSYoungGen      total 451072K, used 34149K [0x00000000e0000000, 0x0000000100000000, 0x0000000100000000)
  eden space 416768K, 0% used [0x00000000e0000000,0x00000000e0000000,0x00000000f9700000)
  from space 34304K, 99% used [0x00000000f9700000,0x00000000fb8597b8,0x00000000fb880000)
  to   space 55808K, 0% used [0x00000000fc980000,0x00000000fc980000,0x0000000100000000)
 ParOldGen       total 735744K, used 151468K [0x00000000a0000000, 0x00000000cce80000, 0x00000000e0000000)
  object space 735744K, 20% used [0x00000000a0000000,0x00000000a93eb388,0x00000000cce80000)
 Metaspace       used 110601K, capacity 117874K, committed 118016K, reserved 1150976K
  class space    used 14389K, capacity 15844K, committed 15872K, reserved 1048576K
}

